[0.005s] Invoking command in '/home/yuyuqq/ros2_ws/src/demo_spacestation_gnc_rep/build/demo_spacestation_gnc_rep': CMAKE_PREFIX_PATH=${CMAKE_PREFIX_PATH}:/home/yuyuqq/ros2_ws/install/sdformat_tools:/opt/ros/humble /usr/bin/cmake /home/yuyuqq/ros2_ws/src/demo_spacestation_gnc_rep -DCMAKE_INSTALL_PREFIX=/home/yuyuqq/ros2_ws/src/demo_spacestation_gnc_rep/install/demo_spacestation_gnc_rep
[0.050s] -- The C compiler identification is GNU 11.4.0
[0.105s] -- The CXX compiler identification is GNU 11.4.0
[0.108s] -- Detecting C compiler ABI info
[0.198s] -- Detecting C compiler ABI info - done
[0.208s] -- Check for working C compiler: /usr/bin/cc - skipped
[0.209s] -- Detecting C compile features
[0.209s] -- Detecting C compile features - done
[0.212s] -- Detecting CXX compiler ABI info
[0.310s] -- Detecting CXX compiler ABI info - done
[0.313s] -- Check for working CXX compiler: /usr/bin/c++ - skipped
[0.314s] -- Detecting CXX compile features
[0.314s] -- Detecting CXX compile features - done
[0.316s] -- Found ament_cmake: 1.3.11 (/opt/ros/humble/share/ament_cmake/cmake)
[0.405s] -- Found Python3: /usr/bin/python3 (found version "3.10.12") found components: Interpreter 
[0.454s] -- Found xacro: 2.0.8 (/opt/ros/humble/share/xacro/cmake)
[0.455s] -- Found robot_state_publisher: 3.0.3 (/opt/ros/humble/share/robot_state_publisher/cmake)
[0.473s] -- Found rosidl_generator_c: 3.1.6 (/opt/ros/humble/share/rosidl_generator_c/cmake)
[0.476s] -- Found rosidl_adapter: 3.1.6 (/opt/ros/humble/share/rosidl_adapter/cmake)
[0.480s] -- Found rosidl_generator_cpp: 3.1.6 (/opt/ros/humble/share/rosidl_generator_cpp/cmake)
[0.486s] -- Using all available rosidl_typesupport_c: rosidl_typesupport_fastrtps_c;rosidl_typesupport_introspection_c
[0.494s] -- Using all available rosidl_typesupport_cpp: rosidl_typesupport_fastrtps_cpp;rosidl_typesupport_introspection_cpp
[0.521s] -- Found eigen3_cmake_module: 0.1.1 (/opt/ros/humble/share/eigen3_cmake_module/cmake)
[0.521s] -- Found Eigen3: TRUE (found version "3.4.0") 
[0.521s] -- Ensuring Eigen3 include directory is part of orocos-kdl CMake target
[0.543s] -- Found rmw_implementation_cmake: 6.1.2 (/opt/ros/humble/share/rmw_implementation_cmake/cmake)
[0.544s] -- Found rmw_fastrtps_cpp: 6.2.7 (/opt/ros/humble/share/rmw_fastrtps_cpp/cmake)
[0.621s] -- Found OpenSSL: /usr/lib/x86_64-linux-gnu/libcrypto.so (found version "3.0.2")  
[0.650s] -- Found FastRTPS: /opt/ros/humble/include  
[0.675s] -- Using RMW implementation 'rmw_fastrtps_cpp' as default
[0.679s] -- Looking for pthread.h
[0.746s] -- Looking for pthread.h - found
[0.746s] -- Performing Test CMAKE_HAVE_LIBC_PTHREAD
[0.829s] -- Performing Test CMAKE_HAVE_LIBC_PTHREAD - Success
[0.829s] -- Found Threads: TRUE  
[0.916s] -- Found rviz2: 11.2.16 (/opt/ros/humble/share/rviz2/cmake)
[0.917s] [31mCMake Error at CMakeLists.txt:13 (install):
[0.917s]   install PROGRAMS given RENAME option with more than one file.
[0.917s] 
[0.917s] [0m
[0.946s] -- Configuring incomplete, errors occurred!
[0.946s] See also "/home/yuyuqq/ros2_ws/src/demo_spacestation_gnc_rep/build/demo_spacestation_gnc_rep/CMakeFiles/CMakeOutput.log".
[0.952s] Invoked command in '/home/yuyuqq/ros2_ws/src/demo_spacestation_gnc_rep/build/demo_spacestation_gnc_rep' returned '1': CMAKE_PREFIX_PATH=${CMAKE_PREFIX_PATH}:/home/yuyuqq/ros2_ws/install/sdformat_tools:/opt/ros/humble /usr/bin/cmake /home/yuyuqq/ros2_ws/src/demo_spacestation_gnc_rep -DCMAKE_INSTALL_PREFIX=/home/yuyuqq/ros2_ws/src/demo_spacestation_gnc_rep/install/demo_spacestation_gnc_rep
