[0.042s] DEBUG:colcon:Command line arguments: ['/usr/bin/colcon', 'build']
[0.043s] DEBUG:colcon:Parsed command line arguments: Namespace(log_base=None, log_level=None, verb_name='build', build_base='build', install_base='install', merge_install=False, symlink_install=False, test_result_base=None, continue_on_error=False, executor='parallel', parallel_workers=32, event_handlers=None, ignore_user_meta=False, metas=['./colcon.meta'], base_paths=['.'], packages_ignore=None, packages_ignore_regex=None, paths=None, packages_up_to=None, packages_up_to_regex=None, packages_above=None, packages_above_and_dependencies=None, packages_above_depth=None, packages_select_by_dep=None, packages_skip_by_dep=None, packages_skip_up_to=None, packages_select_build_failed=False, packages_skip_build_finished=False, packages_select_test_failures=False, packages_skip_test_passed=False, packages_select=None, packages_skip=None, packages_select_regex=None, packages_skip_regex=None, packages_start=None, packages_end=None, allow_overriding=[], cmake_args=None, cmake_target=None, cmake_target_skip_unavailable=False, cmake_clean_cache=False, cmake_clean_first=False, cmake_force_configure=False, ament_cmake_args=None, catkin_cmake_args=None, catkin_skip_building_tests=False, verb_parser=<colcon_defaults.argument_parser.defaults.DefaultArgumentsDecorator object at 0x706cc0e1b3a0>, verb_extension=<colcon_core.verb.build.BuildVerb object at 0x706cc0f647f0>, main=<bound method BuildVerb.main of <colcon_core.verb.build.BuildVerb object at 0x706cc0f647f0>>)
[0.105s] Level 1:colcon.colcon_core.package_discovery:discover_packages(colcon_meta) check parameters
[0.105s] Level 1:colcon.colcon_core.package_discovery:discover_packages(recursive) check parameters
[0.105s] Level 1:colcon.colcon_core.package_discovery:discover_packages(ignore) check parameters
[0.105s] Level 1:colcon.colcon_core.package_discovery:discover_packages(path) check parameters
[0.105s] Level 1:colcon.colcon_core.package_discovery:discover_packages(colcon_meta) discover
[0.105s] Level 1:colcon.colcon_core.package_discovery:discover_packages(recursive) discover
[0.105s] INFO:colcon.colcon_core.package_discovery:Crawling recursively for packages in '/home/yuyuqq/ros2_ws/src/demo_spacestation_gnc_rep'
[0.105s] Level 1:colcon.colcon_core.package_identification:_identify(.) by extensions ['ignore', 'ignore_ament_install']
[0.105s] Level 1:colcon.colcon_core.package_identification:_identify(.) by extension 'ignore'
[0.105s] Level 1:colcon.colcon_core.package_identification:_identify(.) by extension 'ignore_ament_install'
[0.105s] Level 1:colcon.colcon_core.package_identification:_identify(.) by extensions ['colcon_pkg']
[0.105s] Level 1:colcon.colcon_core.package_identification:_identify(.) by extension 'colcon_pkg'
[0.105s] Level 1:colcon.colcon_core.package_identification:_identify(.) by extensions ['colcon_meta']
[0.105s] Level 1:colcon.colcon_core.package_identification:_identify(.) by extension 'colcon_meta'
[0.105s] Level 1:colcon.colcon_core.package_identification:_identify(.) by extensions ['ros']
[0.105s] Level 1:colcon.colcon_core.package_identification:_identify(.) by extension 'ros'
[0.112s] DEBUG:colcon.colcon_core.package_identification:Package '.' with type 'ros.ament_cmake' and name 'demo_spacestation_gnc_rep'
[0.112s] Level 1:colcon.colcon_core.package_discovery:discover_packages(recursive) using defaults
[0.112s] Level 1:colcon.colcon_core.package_discovery:discover_packages(ignore) discover
[0.112s] Level 1:colcon.colcon_core.package_discovery:discover_packages(ignore) using defaults
[0.112s] Level 1:colcon.colcon_core.package_discovery:discover_packages(path) discover
[0.112s] Level 1:colcon.colcon_core.package_discovery:discover_packages(path) using defaults
[0.120s] Level 1:colcon.colcon_core.package_discovery:discover_packages(prefix_path) check parameters
[0.120s] Level 1:colcon.colcon_core.package_discovery:discover_packages(prefix_path) discover
[0.121s] DEBUG:colcon.colcon_installed_package_information.package_discovery:Found 11 installed packages in /home/yuyuqq/ros2_ws/install
[0.121s] DEBUG:colcon.colcon_installed_package_information.package_discovery:Found 3 installed packages in /home/yuyuqq/ros2_ws/src/install
[0.122s] DEBUG:colcon.colcon_installed_package_information.package_discovery:Found 288 installed packages in /opt/ros/humble
[0.127s] Level 1:colcon.colcon_core.package_discovery:discover_packages(prefix_path) using defaults
[0.142s] Level 5:colcon.colcon_core.verb:set package 'demo_spacestation_gnc_rep' build argument 'cmake_args' from command line to 'None'
[0.142s] Level 5:colcon.colcon_core.verb:set package 'demo_spacestation_gnc_rep' build argument 'cmake_target' from command line to 'None'
[0.142s] Level 5:colcon.colcon_core.verb:set package 'demo_spacestation_gnc_rep' build argument 'cmake_target_skip_unavailable' from command line to 'False'
[0.142s] Level 5:colcon.colcon_core.verb:set package 'demo_spacestation_gnc_rep' build argument 'cmake_clean_cache' from command line to 'False'
[0.142s] Level 5:colcon.colcon_core.verb:set package 'demo_spacestation_gnc_rep' build argument 'cmake_clean_first' from command line to 'False'
[0.142s] Level 5:colcon.colcon_core.verb:set package 'demo_spacestation_gnc_rep' build argument 'cmake_force_configure' from command line to 'False'
[0.142s] Level 5:colcon.colcon_core.verb:set package 'demo_spacestation_gnc_rep' build argument 'ament_cmake_args' from command line to 'None'
[0.142s] Level 5:colcon.colcon_core.verb:set package 'demo_spacestation_gnc_rep' build argument 'catkin_cmake_args' from command line to 'None'
[0.142s] Level 5:colcon.colcon_core.verb:set package 'demo_spacestation_gnc_rep' build argument 'catkin_skip_building_tests' from command line to 'False'
[0.142s] DEBUG:colcon.colcon_core.verb:Building package 'demo_spacestation_gnc_rep' with the following arguments: {'ament_cmake_args': None, 'build_base': '/home/yuyuqq/ros2_ws/src/demo_spacestation_gnc_rep/build/demo_spacestation_gnc_rep', 'catkin_cmake_args': None, 'catkin_skip_building_tests': False, 'cmake_args': None, 'cmake_clean_cache': False, 'cmake_clean_first': False, 'cmake_force_configure': False, 'cmake_target': None, 'cmake_target_skip_unavailable': False, 'install_base': '/home/yuyuqq/ros2_ws/src/demo_spacestation_gnc_rep/install/demo_spacestation_gnc_rep', 'merge_install': False, 'path': '/home/yuyuqq/ros2_ws/src/demo_spacestation_gnc_rep', 'symlink_install': False, 'test_result_base': None}
[0.142s] INFO:colcon.colcon_core.executor:Executing jobs using 'parallel' executor
[0.143s] DEBUG:colcon.colcon_parallel_executor.executor.parallel:run_until_complete
[0.143s] INFO:colcon.colcon_ros.task.ament_cmake.build:Building ROS package in '/home/yuyuqq/ros2_ws/src/demo_spacestation_gnc_rep' with build type 'ament_cmake'
[0.143s] INFO:colcon.colcon_cmake.task.cmake.build:Building CMake package in '/home/yuyuqq/ros2_ws/src/demo_spacestation_gnc_rep'
[0.144s] INFO:colcon.colcon_core.plugin_system:Skipping extension 'colcon_core.shell.bat': Not used on non-Windows systems
[0.144s] INFO:colcon.colcon_core.shell:Skip shell extension 'powershell' for command environment: Not usable outside of PowerShell
[0.144s] DEBUG:colcon.colcon_core.shell:Skip shell extension 'dsv' for command environment
[0.149s] DEBUG:colcon.colcon_core.event_handler.log_command:Invoking command in '/home/yuyuqq/ros2_ws/src/demo_spacestation_gnc_rep/build/demo_spacestation_gnc_rep': CMAKE_PREFIX_PATH=${CMAKE_PREFIX_PATH}:/home/yuyuqq/ros2_ws/install/sdformat_tools:/opt/ros/humble /usr/bin/cmake /home/yuyuqq/ros2_ws/src/demo_spacestation_gnc_rep -DCMAKE_INSTALL_PREFIX=/home/yuyuqq/ros2_ws/src/demo_spacestation_gnc_rep/install/demo_spacestation_gnc_rep
[1.095s] DEBUG:colcon.colcon_core.event_handler.log_command:Invoked command in '/home/yuyuqq/ros2_ws/src/demo_spacestation_gnc_rep/build/demo_spacestation_gnc_rep' returned '1': CMAKE_PREFIX_PATH=${CMAKE_PREFIX_PATH}:/home/yuyuqq/ros2_ws/install/sdformat_tools:/opt/ros/humble /usr/bin/cmake /home/yuyuqq/ros2_ws/src/demo_spacestation_gnc_rep -DCMAKE_INSTALL_PREFIX=/home/yuyuqq/ros2_ws/src/demo_spacestation_gnc_rep/install/demo_spacestation_gnc_rep
[1.101s] Level 1:colcon.colcon_core.environment:create_environment_scripts_only(demo_spacestation_gnc_rep)
[1.102s] Level 1:colcon.colcon_core.environment:checking '/home/yuyuqq/ros2_ws/src/demo_spacestation_gnc_rep/install/demo_spacestation_gnc_rep' for CMake module files
[1.102s] Level 1:colcon.colcon_core.environment:checking '/home/yuyuqq/ros2_ws/src/demo_spacestation_gnc_rep/install/demo_spacestation_gnc_rep' for CMake config files
[1.102s] Level 1:colcon.colcon_core.environment:checking '/home/yuyuqq/ros2_ws/src/demo_spacestation_gnc_rep/install/demo_spacestation_gnc_rep/bin'
[1.102s] Level 1:colcon.colcon_core.environment:checking '/home/yuyuqq/ros2_ws/src/demo_spacestation_gnc_rep/install/demo_spacestation_gnc_rep/lib/pkgconfig/demo_spacestation_gnc_rep.pc'
[1.102s] Level 1:colcon.colcon_core.environment:checking '/home/yuyuqq/ros2_ws/src/demo_spacestation_gnc_rep/install/demo_spacestation_gnc_rep/lib/python3.10/site-packages'
[1.102s] Level 1:colcon.colcon_core.environment:checking '/home/yuyuqq/ros2_ws/src/demo_spacestation_gnc_rep/install/demo_spacestation_gnc_rep/bin'
[1.102s] INFO:colcon.colcon_core.shell:Creating package script '/home/yuyuqq/ros2_ws/src/demo_spacestation_gnc_rep/install/demo_spacestation_gnc_rep/share/demo_spacestation_gnc_rep/package.ps1'
[1.103s] INFO:colcon.colcon_core.shell:Creating package descriptor '/home/yuyuqq/ros2_ws/src/demo_spacestation_gnc_rep/install/demo_spacestation_gnc_rep/share/demo_spacestation_gnc_rep/package.dsv'
[1.103s] INFO:colcon.colcon_core.shell:Creating package script '/home/yuyuqq/ros2_ws/src/demo_spacestation_gnc_rep/install/demo_spacestation_gnc_rep/share/demo_spacestation_gnc_rep/package.sh'
[1.103s] INFO:colcon.colcon_core.shell:Creating package script '/home/yuyuqq/ros2_ws/src/demo_spacestation_gnc_rep/install/demo_spacestation_gnc_rep/share/demo_spacestation_gnc_rep/package.bash'
[1.103s] INFO:colcon.colcon_core.shell:Creating package script '/home/yuyuqq/ros2_ws/src/demo_spacestation_gnc_rep/install/demo_spacestation_gnc_rep/share/demo_spacestation_gnc_rep/package.zsh'
[1.104s] Level 1:colcon.colcon_core.environment:create_file_with_runtime_dependencies(/home/yuyuqq/ros2_ws/src/demo_spacestation_gnc_rep/install/demo_spacestation_gnc_rep/share/colcon-core/packages/demo_spacestation_gnc_rep)
[1.114s] DEBUG:colcon.colcon_parallel_executor.executor.parallel:closing loop
[1.114s] DEBUG:colcon.colcon_parallel_executor.executor.parallel:loop closed
[1.114s] DEBUG:colcon.colcon_parallel_executor.executor.parallel:run_until_complete finished with '1'
[1.114s] DEBUG:colcon.colcon_core.event_reactor:joining thread
[1.119s] INFO:colcon.colcon_core.plugin_system:Skipping extension 'colcon_notification.desktop_notification.terminal_notifier': Not used on non-Darwin systems
[1.119s] INFO:colcon.colcon_core.plugin_system:Skipping extension 'colcon_notification.desktop_notification.win32': Not used on non-Windows systems
[1.119s] INFO:colcon.colcon_notification.desktop_notification:Sending desktop notification using 'notify2'
[1.140s] DEBUG:colcon.colcon_core.event_reactor:joined thread
[1.140s] INFO:colcon.colcon_core.shell:Creating prefix script '/home/yuyuqq/ros2_ws/src/demo_spacestation_gnc_rep/install/local_setup.ps1'
[1.141s] INFO:colcon.colcon_core.shell:Creating prefix util module '/home/yuyuqq/ros2_ws/src/demo_spacestation_gnc_rep/install/_local_setup_util_ps1.py'
[1.143s] INFO:colcon.colcon_core.shell:Creating prefix chain script '/home/yuyuqq/ros2_ws/src/demo_spacestation_gnc_rep/install/setup.ps1'
[1.144s] INFO:colcon.colcon_core.shell:Creating prefix script '/home/yuyuqq/ros2_ws/src/demo_spacestation_gnc_rep/install/local_setup.sh'
[1.145s] INFO:colcon.colcon_core.shell:Creating prefix util module '/home/yuyuqq/ros2_ws/src/demo_spacestation_gnc_rep/install/_local_setup_util_sh.py'
[1.145s] INFO:colcon.colcon_core.shell:Creating prefix chain script '/home/yuyuqq/ros2_ws/src/demo_spacestation_gnc_rep/install/setup.sh'
[1.146s] INFO:colcon.colcon_core.shell:Creating prefix script '/home/yuyuqq/ros2_ws/src/demo_spacestation_gnc_rep/install/local_setup.bash'
[1.147s] INFO:colcon.colcon_core.shell:Creating prefix chain script '/home/yuyuqq/ros2_ws/src/demo_spacestation_gnc_rep/install/setup.bash'
[1.148s] INFO:colcon.colcon_core.shell:Creating prefix script '/home/yuyuqq/ros2_ws/src/demo_spacestation_gnc_rep/install/local_setup.zsh'
[1.148s] INFO:colcon.colcon_core.shell:Creating prefix chain script '/home/yuyuqq/ros2_ws/src/demo_spacestation_gnc_rep/install/setup.zsh'
